2020-06-20 01:58:31.634526: I tensorflow/stream_executor/platform/default/dso_loader.cc:44] Successfully opened dynamic library libnvinfer.so.6
2020-06-20 01:58:31.636758: I tensorflow/stream_executor/platform/default/dso_loader.cc:44] Successfully opened dynamic library libnvinfer_plugin.so.6
2020-06-20 01:58:32.411164: I tensorflow/stream_executor/platform/default/dso_loader.cc:44] Successfully opened dynamic library libcuda.so.1
2020-06-20 01:58:32.654186: I tensorflow/core/common_runtime/gpu/gpu_device.cc:1555] Found device 0 with properties: 
pciBusID: 0000:11:00.0 name: Tesla P100-PCIE-16GB computeCapability: 6.0
coreClock: 1.3285GHz coreCount: 56 deviceMemorySize: 15.90GiB deviceMemoryBandwidth: 681.88GiB/s
2020-06-20 01:58:32.654264: I tensorflow/stream_executor/platform/default/dso_loader.cc:44] Successfully opened dynamic library libcudart.so.10.1
2020-06-20 01:58:32.654318: I tensorflow/stream_executor/platform/default/dso_loader.cc:44] Successfully opened dynamic library libcublas.so.10
2020-06-20 01:58:32.658194: I tensorflow/stream_executor/platform/default/dso_loader.cc:44] Successfully opened dynamic library libcufft.so.10
2020-06-20 01:58:32.658551: I tensorflow/stream_executor/platform/default/dso_loader.cc:44] Successfully opened dynamic library libcurand.so.10
2020-06-20 01:58:32.661293: I tensorflow/stream_executor/platform/default/dso_loader.cc:44] Successfully opened dynamic library libcusolver.so.10
2020-06-20 01:58:32.662936: I tensorflow/stream_executor/platform/default/dso_loader.cc:44] Successfully opened dynamic library libcusparse.so.10
2020-06-20 01:58:32.662989: I tensorflow/stream_executor/platform/default/dso_loader.cc:44] Successfully opened dynamic library libcudnn.so.7
2020-06-20 01:58:32.828319: I tensorflow/core/common_runtime/gpu/gpu_device.cc:1697] Adding visible gpu devices: 0
2020-06-20 01:58:32.828786: I tensorflow/core/platform/cpu_feature_guard.cc:142] Your CPU supports instructions that this TensorFlow binary was not compiled to use: AVX2 FMA
2020-06-20 01:58:32.844445: I tensorflow/core/platform/profile_utils/cpu_utils.cc:94] CPU Frequency: 2394475000 Hz
2020-06-20 01:58:32.847616: I tensorflow/compiler/xla/service/service.cc:168] XLA service 0x59ce420 initialized for platform Host (this does not guarantee that XLA will be used). Devices:
2020-06-20 01:58:32.847642: I tensorflow/compiler/xla/service/service.cc:176]   StreamExecutor device (0): Host, Default Version
2020-06-20 01:58:33.266896: I tensorflow/compiler/xla/service/service.cc:168] XLA service 0x5a346c0 initialized for platform CUDA (this does not guarantee that XLA will be used). Devices:
2020-06-20 01:58:33.266957: I tensorflow/compiler/xla/service/service.cc:176]   StreamExecutor device (0): Tesla P100-PCIE-16GB, Compute Capability 6.0
2020-06-20 01:58:33.272628: I tensorflow/core/common_runtime/gpu/gpu_device.cc:1555] Found device 0 with properties: 
pciBusID: 0000:11:00.0 name: Tesla P100-PCIE-16GB computeCapability: 6.0
coreClock: 1.3285GHz coreCount: 56 deviceMemorySize: 15.90GiB deviceMemoryBandwidth: 681.88GiB/s
2020-06-20 01:58:33.272690: I tensorflow/stream_executor/platform/default/dso_loader.cc:44] Successfully opened dynamic library libcudart.so.10.1
2020-06-20 01:58:33.272711: I tensorflow/stream_executor/platform/default/dso_loader.cc:44] Successfully opened dynamic library libcublas.so.10
2020-06-20 01:58:33.272739: I tensorflow/stream_executor/platform/default/dso_loader.cc:44] Successfully opened dynamic library libcufft.so.10
2020-06-20 01:58:33.272760: I tensorflow/stream_executor/platform/default/dso_loader.cc:44] Successfully opened dynamic library libcurand.so.10
2020-06-20 01:58:33.272780: I tensorflow/stream_executor/platform/default/dso_loader.cc:44] Successfully opened dynamic library libcusolver.so.10
2020-06-20 01:58:33.272800: I tensorflow/stream_executor/platform/default/dso_loader.cc:44] Successfully opened dynamic library libcusparse.so.10
2020-06-20 01:58:33.272818: I tensorflow/stream_executor/platform/default/dso_loader.cc:44] Successfully opened dynamic library libcudnn.so.7
2020-06-20 01:58:33.279729: I tensorflow/core/common_runtime/gpu/gpu_device.cc:1697] Adding visible gpu devices: 0
2020-06-20 01:58:33.281312: I tensorflow/stream_executor/platform/default/dso_loader.cc:44] Successfully opened dynamic library libcudart.so.10.1
2020-06-20 01:58:33.934811: I tensorflow/core/common_runtime/gpu/gpu_device.cc:1096] Device interconnect StreamExecutor with strength 1 edge matrix:
2020-06-20 01:58:33.934869: I tensorflow/core/common_runtime/gpu/gpu_device.cc:1102]      0 
2020-06-20 01:58:33.934880: I tensorflow/core/common_runtime/gpu/gpu_device.cc:1115] 0:   N 
2020-06-20 01:58:34.017829: I tensorflow/core/common_runtime/gpu/gpu_device.cc:1241] Created TensorFlow device (/job:localhost/replica:0/task:0/device:GPU:0 with 15167 MB memory) -> physical GPU (device: 0, name: Tesla P100-PCIE-16GB, pci bus id: 0000:11:00.0, compute capability: 6.0)
2020-06-20 01:58:34,025 INFO     
2020-06-20 01:58:34,025 INFO     
2020-06-20 01:58:34,025 INFO     ---------------------------------------------------------------------
2020-06-20 01:58:34,025 INFO     ---------------------------------------------------------------------
2020-06-20 01:58:34,026 INFO     ---------------------- Creating code2vec model ----------------------
2020-06-20 01:58:34,026 INFO     ---------------------------------------------------------------------
2020-06-20 01:58:34,026 INFO     ---------------------------------------------------------------------
2020-06-20 01:58:34,026 INFO     Checking number of examples ...
2020-06-20 01:58:39,915 INFO         Number of train examples: 3275140
2020-06-20 01:58:40,849 INFO         Number of test examples: 454352
2020-06-20 01:58:40,849 INFO     ---------------------------------------------------------------------
2020-06-20 01:58:40,849 INFO     ----------------- Configuration - Hyper Parameters ------------------
2020-06-20 01:58:40,849 INFO     CODE_VECTOR_SIZE                          640
2020-06-20 01:58:40,849 INFO     CSV_BUFFER_SIZE                           104857600
2020-06-20 01:58:40,850 INFO     DEFAULT_EMBEDDINGS_SIZE                   128
2020-06-20 01:58:40,850 INFO     DL_FRAMEWORK                              tensorflow
2020-06-20 01:58:40,850 INFO     DROPOUT_KEEP_RATE                         0.75
2020-06-20 01:58:40,850 INFO     EXPORT_CODE_VECTORS                       False
2020-06-20 01:58:40,850 INFO     LOGS_PATH                                 None
2020-06-20 01:58:40,850 INFO     MAX_CONTEXTS                              200
2020-06-20 01:58:40,850 INFO     MAX_PATH_VOCAB_SIZE                       911417
2020-06-20 01:58:40,850 INFO     MAX_TARGET_VOCAB_SIZE                     261245
2020-06-20 01:58:40,850 INFO     MAX_TOKEN_VOCAB_SIZE                      1301136
2020-06-20 01:58:40,850 INFO     MAX_TO_KEEP                               20
2020-06-20 01:58:40,850 INFO     MODEL_LOAD_PATH                           None
2020-06-20 01:58:40,850 INFO     MODEL_SAVE_PATH                           models/JAVA_MED_WITH_TYPES_V1_200620_001/saved_model
2020-06-20 01:58:40,850 INFO     NUM_BATCHES_TO_LOG_PROGRESS               100
2020-06-20 01:58:40,850 INFO     NUM_TEST_EXAMPLES                         454352
2020-06-20 01:58:40,850 INFO     NUM_TRAIN_BATCHES_TO_EVALUATE             1800
2020-06-20 01:58:40,850 INFO     NUM_TRAIN_EPOCHS                          20
2020-06-20 01:58:40,850 INFO     NUM_TRAIN_EXAMPLES                        3275140
2020-06-20 01:58:40,850 INFO     PATH_EMBEDDINGS_SIZE                      128
2020-06-20 01:58:40,850 INFO     PREDICT                                   False
2020-06-20 01:58:40,850 INFO     READER_NUM_PARALLEL_BATCHES               6
2020-06-20 01:58:40,850 INFO     RELEASE                                   False
2020-06-20 01:58:40,850 INFO     SAVE_EVERY_EPOCHS                         1
2020-06-20 01:58:40,850 INFO     SAVE_T2V                                  None
2020-06-20 01:58:40,850 INFO     SAVE_W2V                                  None
2020-06-20 01:58:40,851 INFO     SEPARATE_OOV_AND_PAD                      False
2020-06-20 01:58:40,851 INFO     SHUFFLE_BUFFER_SIZE                       10000
2020-06-20 01:58:40,851 INFO     TARGET_EMBEDDINGS_SIZE                    640
2020-06-20 01:58:40,851 INFO     TEST_BATCH_SIZE                           1024
2020-06-20 01:58:40,851 INFO     TEST_DATA_PATH                            data/JAVA_MED_WITH_TYPES_PREPROCESSED_V1/JAVA_MED_WITH_TYPES_PREPROCESSED_V1.val.c2v
2020-06-20 01:58:40,851 INFO     TOKEN_EMBEDDINGS_SIZE                     128
2020-06-20 01:58:40,851 INFO     TOP_K_WORDS_CONSIDERED_DURING_PREDICTION  10
2020-06-20 01:58:40,851 INFO     TRAIN_BATCH_SIZE                          1024
2020-06-20 01:58:40,851 INFO     TRAIN_DATA_PATH_PREFIX                    data/JAVA_MED_WITH_TYPES_PREPROCESSED_V1/JAVA_MED_WITH_TYPES_PREPROCESSED_V1
2020-06-20 01:58:40,851 INFO     USE_TENSORBOARD                           True
2020-06-20 01:58:40,851 INFO     VERBOSE_MODE                              1
2020-06-20 01:58:40,851 INFO     _Config__logger                           <Logger code2vec (INFO)>
2020-06-20 01:58:40,851 INFO     context_vector_size                       640
2020-06-20 01:58:40,851 INFO     entire_model_load_path                    None
2020-06-20 01:58:40,851 INFO     entire_model_save_path                    models/JAVA_MED_WITH_TYPES_V1_200620_001/saved_model__entire-model
2020-06-20 01:58:40,851 INFO     is_loading                                False
2020-06-20 01:58:40,851 INFO     is_saving                                 True
2020-06-20 01:58:40,851 INFO     is_testing                                True
2020-06-20 01:58:40,851 INFO     is_training                               True
2020-06-20 01:58:40,851 INFO     model_load_dir                            None
2020-06-20 01:58:40,851 INFO     model_weights_load_path                   None
2020-06-20 01:58:40,851 INFO     model_weights_save_path                   models/JAVA_MED_WITH_TYPES_V1_200620_001/saved_model__only-weights
2020-06-20 01:58:40,852 INFO     test_steps                                444
2020-06-20 01:58:40,852 INFO     train_data_path                           data/JAVA_MED_WITH_TYPES_PREPROCESSED_V1/JAVA_MED_WITH_TYPES_PREPROCESSED_V1.train.c2v
2020-06-20 01:58:40,852 INFO     train_steps_per_epoch                     3199
2020-06-20 01:58:40,852 INFO     word_freq_dict_path                       data/JAVA_MED_WITH_TYPES_PREPROCESSED_V1/JAVA_MED_WITH_TYPES_PREPROCESSED_V1.dict.c2v
2020-06-20 01:58:40,852 INFO     ---------------------------------------------------------------------
2020-06-20 01:58:40,852 INFO     Loading word frequencies dictionaries from: data/JAVA_MED_WITH_TYPES_PREPROCESSED_V1/JAVA_MED_WITH_TYPES_PREPROCESSED_V1.dict.c2v ... 
2020-06-20 01:58:41,603 INFO     Done loading word frequencies dictionaries.
2020-06-20 01:58:41,603 INFO     Word frequencies dictionaries loaded. Now creating vocabularies.
2020-06-20 01:58:42,886 INFO     Created token vocab. size: 1084658
2020-06-20 01:58:43,584 INFO     Created path vocab. size: 681149
2020-06-20 01:58:43,704 INFO     Created target vocab. size: 154604
2020-06-20 01:58:43,968 INFO     Created *type* vocab. size: 292461
2020-06-20 01:58:46,486 INFO     Done creating code2vec model
2020-06-20 01:58:46,486 INFO     Starting training
WARNING:tensorflow:From /usr/local/lib/python3.6/dist-packages/tensorflow_core/python/ops/resource_variable_ops.py:1635: calling BaseResourceVariable.__init__ (from tensorflow.python.ops.resource_variable_ops) with constraint is deprecated and will be removed in a future version.
Instructions for updating:
If using Keras pass *_constraint arguments to layers.
2020-06-20 01:59:01,300 INFO     Number of trainable params: 362815104
2020-06-20 01:59:01,300 INFO     variable name: model/TYPES_VOCAB:0 -- shape: (292461, 128) -- #params: 37435008
2020-06-20 01:59:01,300 INFO     variable name: model/WORDS_VOCAB:0 -- shape: (1084658, 128) -- #params: 138836224
2020-06-20 01:59:01,300 INFO     variable name: model/TARGET_WORDS_VOCAB:0 -- shape: (154604, 640) -- #params: 98946560
2020-06-20 01:59:01,300 INFO     variable name: model/ATTENTION:0 -- shape: (640, 1) -- #params: 640
2020-06-20 01:59:01,300 INFO     variable name: model/PATHS_VOCAB:0 -- shape: (681149, 128) -- #params: 87187072
2020-06-20 01:59:01,300 INFO     variable name: model/TRANSFORM:0 -- shape: (640, 640) -- #params: 409600
2020-06-20 01:59:33,588 INFO     Initalized variables
2020-06-20 01:59:35,775 INFO     Started reader...
2020-06-20 01:59:35,775 INFO     RAW LOG PATHS:
2020-06-20 01:59:35,777 INFO     logs/scalars/train_20200620-015935
2020-06-20 01:59:37.977523: I tensorflow/stream_executor/platform/default/dso_loader.cc:44] Successfully opened dynamic library libcublas.so.10
2020-06-20 02:00:32,435 INFO     Average loss at batch 100: 0.009376, 	throughput: 966 samples/sec
2020-06-20 02:01:29,785 INFO     Average loss at batch 200: 0.009277, 	throughput: 1785 samples/sec
2020-06-20 02:02:21,369 INFO     Average loss at batch 300: 0.007422, 	throughput: 1985 samples/sec
2020-06-20 02:03:12,469 INFO     Average loss at batch 400: 0.007592, 	throughput: 2003 samples/sec
2020-06-20 02:04:04,484 INFO     Average loss at batch 500: 0.008037, 	throughput: 1968 samples/sec
2020-06-20 02:04:59,670 INFO     Average loss at batch 600: 0.007493, 	throughput: 1855 samples/sec
2020-06-20 02:05:52,260 INFO     Average loss at batch 700: 0.007442, 	throughput: 1947 samples/sec
2020-06-20 02:06:43,773 INFO     Average loss at batch 800: 0.007162, 	throughput: 1987 samples/sec
2020-06-20 02:07:37,098 INFO     Average loss at batch 900: 0.007584, 	throughput: 1920 samples/sec
2020-06-20 02:08:22,310 INFO     Average loss at batch 1000: 0.005409, 	throughput: 2264 samples/sec
2020-06-20 02:09:04,625 INFO     Average loss at batch 1100: 0.003987, 	throughput: 2419 samples/sec
2020-06-20 02:09:55,366 INFO     Average loss at batch 1200: 0.005927, 	throughput: 2018 samples/sec
2020-06-20 02:10:49,953 INFO     Average loss at batch 1300: 0.006917, 	throughput: 1875 samples/sec
2020-06-20 02:11:44,721 INFO     Average loss at batch 1400: 0.007161, 	throughput: 1869 samples/sec
2020-06-20 02:12:38,082 INFO     Average loss at batch 1500: 0.006661, 	throughput: 1919 samples/sec
2020-06-20 02:13:32,598 INFO     Average loss at batch 1600: 0.006541, 	throughput: 1878 samples/sec
2020-06-20 02:14:29,403 INFO     Average loss at batch 1700: 0.006656, 	throughput: 1802 samples/sec
2020-06-20 02:15:22,228 INFO     Average loss at batch 1800: 0.006236, 	throughput: 1938 samples/sec
2020-06-20 02:16:12,737 INFO     Average loss at batch 1900: 0.006307, 	throughput: 2027 samples/sec
2020-06-20 02:17:07,743 INFO     Average loss at batch 2000: 0.006344, 	throughput: 1861 samples/sec
2020-06-20 02:17:57,567 INFO     Average loss at batch 2100: 0.005618, 	throughput: 2055 samples/sec
2020-06-20 02:18:49,693 INFO     Average loss at batch 2200: 0.006125, 	throughput: 1964 samples/sec
2020-06-20 02:19:47,062 INFO     Average loss at batch 2300: 0.006122, 	throughput: 1784 samples/sec
2020-06-20 02:20:39,637 INFO     Average loss at batch 2400: 0.005136, 	throughput: 1947 samples/sec
2020-06-20 02:21:35,311 INFO     Average loss at batch 2500: 0.005822, 	throughput: 1839 samples/sec
2020-06-20 02:22:29,105 INFO     Average loss at batch 2600: 0.004566, 	throughput: 1903 samples/sec
2020-06-20 02:23:19,356 INFO     Average loss at batch 2700: 0.004453, 	throughput: 2037 samples/sec
2020-06-20 02:24:11,281 INFO     Average loss at batch 2800: 0.004637, 	throughput: 1972 samples/sec
2020-06-20 02:25:06,654 INFO     Average loss at batch 2900: 0.004406, 	throughput: 1849 samples/sec
2020-06-20 02:26:00,247 INFO     Average loss at batch 3000: 0.004298, 	throughput: 1910 samples/sec
2020-06-20 02:26:51,942 INFO     Average loss at batch 3100: 0.003805, 	throughput: 1980 samples/sec
2020-06-20 02:28:04,328 INFO     Saved after 1 epochs in: models/JAVA_MED_WITH_TYPES_V1_200620_001/saved_model_iter1
2020-06-20 02:28:07,394 INFO     Starting evaluation
2020-06-20 02:28:44,223 INFO     Evaluated 102400 examples...
2020-06-20 02:28:44,226 INFO     Prediction throughput: 2606 samples/sec
2020-06-20 02:29:19,926 INFO     Evaluated 204800 examples...
2020-06-20 02:29:19,927 INFO     Prediction throughput: 2731 samples/sec
2020-06-20 02:29:55,224 INFO     Evaluated 307200 examples...
2020-06-20 02:29:55,225 INFO     Prediction throughput: 2785 samples/sec
2020-06-20 02:30:30,392 INFO     Evaluated 409600 examples...
2020-06-20 02:30:30,393 INFO     Prediction throughput: 2816 samples/sec
2020-06-20 02:30:45,632 INFO     Done evaluating, epoch reached
2020-06-20 02:30:45,633 INFO     Evaluation time: 0H:2M:41S
Losses: train: 0.006214808207005262, validation: None
2020-06-20 02:30:50,623 INFO     After 1 epochs -- top10_acc: [0.16045049 0.19346234 0.2095754  0.22118093 0.22925397 0.23583477
 0.24126888 0.24665238 0.25130736 0.25530426], precision: 0.3267461574130983, recall: 0.20255236959941453, F1: 0.250078944353313
2020-06-20 02:30:50,949 INFO     Average loss at batch 3200: 0.004333, 	throughput: 428 samples/sec
2020-06-20 02:31:20,732 INFO     Average loss at batch 3300: 0.002636, 	throughput: 3438 samples/sec
2020-06-20 02:32:00,807 INFO     Average loss at batch 3400: 0.001498, 	throughput: 2555 samples/sec
2020-06-20 02:32:51,957 INFO     Average loss at batch 3500: 0.002538, 	throughput: 2002 samples/sec
2020-06-20 02:33:45,393 INFO     Average loss at batch 3600: 0.003457, 	throughput: 1916 samples/sec
2020-06-20 02:34:40,637 INFO     Average loss at batch 3700: 0.003869, 	throughput: 1853 samples/sec
2020-06-20 02:35:34,573 INFO     Average loss at batch 3800: 0.003616, 	throughput: 1898 samples/sec
2020-06-20 02:36:28,056 INFO     Average loss at batch 3900: 0.003609, 	throughput: 1914 samples/sec
2020-06-20 02:37:24,236 INFO     Average loss at batch 4000: 0.003656, 	throughput: 1822 samples/sec
2020-06-20 02:38:17,873 INFO     Average loss at batch 4100: 0.003101, 	throughput: 1909 samples/sec
2020-06-20 02:39:08,526 INFO     Average loss at batch 4200: 0.003173, 	throughput: 2021 samples/sec
2020-06-20 02:40:05,276 INFO     Average loss at batch 4300: 0.003375, 	throughput: 1804 samples/sec
2020-06-20 02:40:52,902 INFO     Average loss at batch 4400: 0.003345, 	throughput: 2150 samples/sec
2020-06-20 02:41:46,269 INFO     Average loss at batch 4500: 0.003607, 	throughput: 1918 samples/sec
2020-06-20 02:42:45,414 INFO     Average loss at batch 4600: 0.003276, 	throughput: 1731 samples/sec
2020-06-20 02:43:39,449 INFO     Average loss at batch 4700: 0.002673, 	throughput: 1895 samples/sec
2020-06-20 02:44:33,282 INFO     Average loss at batch 4800: 0.003363, 	throughput: 1902 samples/sec
2020-06-20 02:45:26,629 INFO     Average loss at batch 4900: 0.002651, 	throughput: 1919 samples/sec
2020-06-20 02:46:17,091 INFO     Average loss at batch 5000: 0.002175, 	throughput: 2029 samples/sec
2020-06-20 02:47:07,584 INFO     Average loss at batch 5100: 0.002590, 	throughput: 2028 samples/sec
2020-06-20 02:48:03,660 INFO     Average loss at batch 5200: 0.002500, 	throughput: 1826 samples/sec
2020-06-20 02:48:55,759 INFO     Average loss at batch 5300: 0.002520, 	throughput: 1965 samples/sec
2020-06-20 02:49:49,615 INFO     Average loss at batch 5400: 0.002190, 	throughput: 1901 samples/sec
2020-06-20 02:50:43,549 INFO     Average loss at batch 5500: 0.002404, 	throughput: 1898 samples/sec
2020-06-20 02:51:31,651 INFO     Average loss at batch 5600: 0.001354, 	throughput: 2128 samples/sec
2020-06-20 02:52:14,766 INFO     Average loss at batch 5700: 0.000350, 	throughput: 2375 samples/sec
2020-06-20 02:53:05,101 INFO     Average loss at batch 5800: 0.001009, 	throughput: 2034 samples/sec
2020-06-20 02:53:58,644 INFO     Average loss at batch 5900: 0.001791, 	throughput: 1912 samples/sec
2020-06-20 02:54:54,215 INFO     Average loss at batch 6000: 0.002296, 	throughput: 1842 samples/sec
2020-06-20 02:55:48,605 INFO     Average loss at batch 6100: 0.002034, 	throughput: 1882 samples/sec
2020-06-20 02:56:41,004 INFO     Average loss at batch 6200: 0.002202, 	throughput: 1954 samples/sec
2020-06-20 02:57:39,997 INFO     Average loss at batch 6300: 0.002219, 	throughput: 1735 samples/sec
2020-06-20 02:58:41,119 INFO     Saved after 2 epochs in: models/JAVA_MED_WITH_TYPES_V1_200620_001/saved_model_iter2
2020-06-20 02:58:41,223 INFO     Starting evaluation
2020-06-20 02:59:20,871 INFO     Evaluated 102400 examples...
2020-06-20 02:59:20,872 INFO     Prediction throughput: 2576 samples/sec
2020-06-20 02:59:54,480 INFO     Evaluated 204800 examples...
2020-06-20 02:59:54,480 INFO     Prediction throughput: 2791 samples/sec
2020-06-20 03:00:30,341 INFO     Evaluated 307200 examples...
2020-06-20 03:00:30,342 INFO     Prediction throughput: 2812 samples/sec
2020-06-20 03:01:05,311 INFO     Evaluated 409600 examples...
2020-06-20 03:01:05,311 INFO     Prediction throughput: 2840 samples/sec
2020-06-20 03:01:20,147 INFO     Done evaluating, epoch reached
2020-06-20 03:01:20,149 INFO     Evaluation time: 0H:2M:39S
Losses: train: 0.002588840899989009, validation: None
2020-06-20 03:01:25,060 INFO     After 2 epochs -- top10_acc: [0.1976067  0.22904268 0.24714759 0.25802902 0.2662033  0.27320448
 0.27849993 0.28284238 0.28687229 0.29052145], precision: 0.34785667722206637, recall: 0.24884678219596212, F1: 0.290137465857887
2020-06-20 03:01:25,671 INFO     Average loss at batch 6400: 0.001723, 	throughput: 453 samples/sec
2020-06-20 03:01:58,824 INFO     Average loss at batch 6500: 0.001879, 	throughput: 3088 samples/sec
2020-06-20 03:02:52,317 INFO     Average loss at batch 6600: 0.002004, 	throughput: 1914 samples/sec
2020-06-20 03:03:41,215 INFO     Average loss at batch 6700: 0.002206, 	throughput: 2094 samples/sec
2020-06-20 03:04:32,786 INFO     Average loss at batch 6800: 0.002436, 	throughput: 1985 samples/sec
2020-06-20 03:05:30,258 INFO     Average loss at batch 6900: 0.002023, 	throughput: 1781 samples/sec
2020-06-20 03:06:25,075 INFO     Average loss at batch 7000: 0.001619, 	throughput: 1868 samples/sec
2020-06-20 03:07:18,865 INFO     Average loss at batch 7100: 0.001987, 	throughput: 1903 samples/sec
2020-06-20 03:08:13,662 INFO     Average loss at batch 7200: 0.001762, 	throughput: 1868 samples/sec
2020-06-20 03:09:03,380 INFO     Average loss at batch 7300: 0.001192, 	throughput: 2059 samples/sec
2020-06-20 03:09:52,525 INFO     Average loss at batch 7400: 0.001586, 	throughput: 2083 samples/sec
2020-06-20 03:10:49,109 INFO     Average loss at batch 7500: 0.001608, 	throughput: 1809 samples/sec
2020-06-20 03:11:39,804 INFO     Average loss at batch 7600: 0.001696, 	throughput: 2019 samples/sec
2020-06-20 03:12:32,658 INFO     Average loss at batch 7700: 0.001434, 	throughput: 1937 samples/sec
2020-06-20 03:13:25,362 INFO     Average loss at batch 7800: 0.001478, 	throughput: 1942 samples/sec
2020-06-20 03:14:15,123 INFO     Average loss at batch 7900: 0.001048, 	throughput: 2057 samples/sec
2020-06-20 03:14:57,961 INFO     Average loss at batch 8000: 0.000169, 	throughput: 2390 samples/sec
2020-06-20 03:15:47,767 INFO     Average loss at batch 8100: 0.000470, 	throughput: 2055 samples/sec
2020-06-20 03:16:41,909 INFO     Average loss at batch 8200: 0.001203, 	throughput: 1891 samples/sec
2020-06-20 03:17:36,553 INFO     Average loss at batch 8300: 0.001563, 	throughput: 1873 samples/sec
2020-06-20 03:18:29,417 INFO     Average loss at batch 8400: 0.001395, 	throughput: 1937 samples/sec
2020-06-20 03:19:22,821 INFO     Average loss at batch 8500: 0.001534, 	throughput: 1917 samples/sec
2020-06-20 03:20:18,434 INFO     Average loss at batch 8600: 0.001459, 	throughput: 1841 samples/sec
2020-06-20 03:21:09,103 INFO     Average loss at batch 8700: 0.001257, 	throughput: 2020 samples/sec
2020-06-20 03:22:01,819 INFO     Average loss at batch 8800: 0.001246, 	throughput: 1942 samples/sec
2020-06-20 03:22:54,047 INFO     Average loss at batch 8900: 0.001358, 	throughput: 1960 samples/sec
2020-06-20 03:23:44,838 INFO     Average loss at batch 9000: 0.001687, 	throughput: 2016 samples/sec
2020-06-20 03:24:36,497 INFO     Average loss at batch 9100: 0.001795, 	throughput: 1982 samples/sec
2020-06-20 03:25:34,553 INFO     Average loss at batch 9200: 0.001445, 	throughput: 1763 samples/sec
2020-06-20 03:26:27,611 INFO     Average loss at batch 9300: 0.001185, 	throughput: 1930 samples/sec
2020-06-20 03:27:21,433 INFO     Average loss at batch 9400: 0.001403, 	throughput: 1902 samples/sec
2020-06-20 03:28:16,086 INFO     Average loss at batch 9500: 0.001328, 	throughput: 1873 samples/sec
2020-06-20 03:29:16,086 INFO     Saved after 3 epochs in: models/JAVA_MED_WITH_TYPES_V1_200620_001/saved_model_iter3
2020-06-20 03:29:16,185 INFO     Starting evaluation
2020-06-20 03:29:55,751 INFO     Evaluated 102400 examples...
2020-06-20 03:29:55,751 INFO     Prediction throughput: 2582 samples/sec
2020-06-20 03:30:30,862 INFO     Evaluated 204800 examples...
2020-06-20 03:30:30,862 INFO     Prediction throughput: 2739 samples/sec
2020-06-20 03:31:06,264 INFO     Evaluated 307200 examples...
2020-06-20 03:31:06,264 INFO     Prediction throughput: 2788 samples/sec
2020-06-20 03:31:41,510 INFO     Evaluated 409600 examples...
2020-06-20 03:31:41,510 INFO     Prediction throughput: 2816 samples/sec
2020-06-20 03:31:56,904 INFO     Done evaluating, epoch reached
2020-06-20 03:31:56,905 INFO     Evaluation time: 0H:2M:40S
Losses: train: 0.0014782504877075553, validation: None
2020-06-20 03:32:01,690 INFO     After 3 epochs -- top10_acc: [0.2131013  0.24555631 0.26106631 0.27105196 0.27915141 0.2854813
 0.29033217 0.29481988 0.29925256 0.30259799], precision: 0.36119778592626955, recall: 0.2573238237815258, F1: 0.30053855502276805
2020-06-20 03:32:02,617 INFO     Average loss at batch 9600: 0.000833, 	throughput: 452 samples/sec
2020-06-20 03:32:33,313 INFO     Average loss at batch 9700: 0.001118, 	throughput: 3335 samples/sec
2020-06-20 03:33:32,171 INFO     Average loss at batch 9800: 0.001194, 	throughput: 1739 samples/sec
2020-06-20 03:34:22,494 INFO     Average loss at batch 9900: 0.001285, 	throughput: 2034 samples/sec
2020-06-20 03:35:17,655 INFO     Average loss at batch 10000: 0.001047, 	throughput: 1856 samples/sec
2020-06-20 03:36:11,073 INFO     Average loss at batch 10100: 0.001082, 	throughput: 1917 samples/sec
2020-06-20 03:37:01,565 INFO     Average loss at batch 10200: 0.000956, 	throughput: 2028 samples/sec
2020-06-20 03:37:45,870 INFO     Average loss at batch 10300: 0.000127, 	throughput: 2311 samples/sec
2020-06-20 03:38:32,076 INFO     Average loss at batch 10400: 0.000222, 	throughput: 2216 samples/sec
2020-06-20 03:39:26,155 INFO     Average loss at batch 10500: 0.000936, 	throughput: 1893 samples/sec
2020-06-20 03:40:19,765 INFO     Average loss at batch 10600: 0.001184, 	throughput: 1910 samples/sec
2020-06-20 03:41:12,521 INFO     Average loss at batch 10700: 0.001104, 	throughput: 1941 samples/sec
2020-06-20 03:42:04,501 INFO     Average loss at batch 10800: 0.001152, 	throughput: 1970 samples/sec
2020-06-20 03:42:59,553 INFO     Average loss at batch 10900: 0.001135, 	throughput: 1860 samples/sec
2020-06-20 03:43:53,262 INFO     Average loss at batch 11000: 0.000990, 	throughput: 1906 samples/sec
2020-06-20 03:44:45,713 INFO     Average loss at batch 11100: 0.000969, 	throughput: 1952 samples/sec
2020-06-20 03:45:37,925 INFO     Average loss at batch 11200: 0.001037, 	throughput: 1961 samples/sec
2020-06-20 03:46:27,165 INFO     Average loss at batch 11300: 0.001389, 	throughput: 2079 samples/sec
2020-06-20 03:47:21,934 INFO     Average loss at batch 11400: 0.001428, 	throughput: 1869 samples/sec
2020-06-20 03:48:18,761 INFO     Average loss at batch 11500: 0.001168, 	throughput: 1802 samples/sec
2020-06-20 03:49:13,515 INFO     Average loss at batch 11600: 0.000965, 	throughput: 1870 samples/sec
2020-06-20 03:50:08,526 INFO     Average loss at batch 11700: 0.001137, 	throughput: 1861 samples/sec
2020-06-20 03:51:02,965 INFO     Average loss at batch 11800: 0.001103, 	throughput: 1881 samples/sec
2020-06-20 03:51:54,406 INFO     Average loss at batch 11900: 0.000637, 	throughput: 1990 samples/sec
2020-06-20 03:52:44,900 INFO     Average loss at batch 12000: 0.000897, 	throughput: 2028 samples/sec
2020-06-20 03:53:39,800 INFO     Average loss at batch 12100: 0.000986, 	throughput: 1865 samples/sec
2020-06-20 03:54:32,654 INFO     Average loss at batch 12200: 0.001057, 	throughput: 1937 samples/sec
2020-06-20 03:55:28,232 INFO     Average loss at batch 12300: 0.000879, 	throughput: 1842 samples/sec
2020-06-20 03:56:19,091 INFO     Average loss at batch 12400: 0.000890, 	throughput: 2013 samples/sec
2020-06-20 03:57:10,798 INFO     Average loss at batch 12500: 0.000920, 	throughput: 1980 samples/sec
2020-06-20 03:57:53,734 INFO     Average loss at batch 12600: 0.000104, 	throughput: 2384 samples/sec
2020-06-20 03:58:37,562 INFO     Average loss at batch 12700: 0.000086, 	throughput: 2336 samples/sec
2020-06-20 03:59:41,268 INFO     Saved after 4 epochs in: models/JAVA_MED_WITH_TYPES_V1_200620_001/saved_model_iter4
2020-06-20 03:59:41,376 INFO     Starting evaluation
2020-06-20 04:00:22,365 INFO     Evaluated 102400 examples...
2020-06-20 04:00:22,365 INFO     Prediction throughput: 2492 samples/sec
2020-06-20 04:00:57,312 INFO     Evaluated 204800 examples...
2020-06-20 04:00:57,312 INFO     Prediction throughput: 2693 samples/sec
2020-06-20 04:01:32,161 INFO     Evaluated 307200 examples...
2020-06-20 04:01:32,162 INFO     Prediction throughput: 2770 samples/sec
2020-06-20 04:02:07,825 INFO     Evaluated 409600 examples...
2020-06-20 04:02:07,825 INFO     Prediction throughput: 2794 samples/sec
2020-06-20 04:02:22,867 INFO     Done evaluating, epoch reached
2020-06-20 04:02:22,869 INFO     Evaluation time: 0H:2M:41S
Losses: train: 0.0009372980566695333, validation: None
2020-06-20 04:02:28,094 INFO     After 4 epochs -- top10_acc: [0.22411038 0.2549455  0.2709045  0.27992614 0.28680626 0.29218315
 0.29637374 0.30012193 0.30341673 0.30652446], precision: 0.3928520919587384, recall: 0.2745937421002788, F1: 0.32324638350603374
2020-06-20 04:02:29,310 INFO     Average loss at batch 12800: 0.000808, 	throughput: 441 samples/sec
2020-06-20 04:03:05,592 INFO     Average loss at batch 12900: 0.000968, 	throughput: 2822 samples/sec
2020-06-20 04:03:56,263 INFO     Average loss at batch 13000: 0.000946, 	throughput: 2020 samples/sec
2020-06-20 04:04:49,869 INFO     Average loss at batch 13100: 0.000949, 	throughput: 1910 samples/sec
2020-06-20 04:05:44,291 INFO     Average loss at batch 13200: 0.000954, 	throughput: 1881 samples/sec
2020-06-20 04:06:39,241 INFO     Average loss at batch 13300: 0.000832, 	throughput: 1863 samples/sec
2020-06-20 04:07:30,901 INFO     Average loss at batch 13400: 0.000846, 	throughput: 1982 samples/sec
2020-06-20 04:08:23,016 INFO     Average loss at batch 13500: 0.000858, 	throughput: 1964 samples/sec
2020-06-20 04:09:13,580 INFO     Average loss at batch 13600: 0.001229, 	throughput: 2025 samples/sec
2020-06-20 04:10:07,403 INFO     Average loss at batch 13700: 0.001216, 	throughput: 1902 samples/sec
2020-06-20 04:11:01,892 INFO     Average loss at batch 13800: 0.001036, 	throughput: 1879 samples/sec
2020-06-20 04:11:55,726 INFO     Average loss at batch 13900: 0.000857, 	throughput: 1902 samples/sec
2020-06-20 04:12:51,213 INFO     Average loss at batch 14000: 0.000970, 	throughput: 1845 samples/sec
2020-06-20 04:13:46,810 INFO     Average loss at batch 14100: 0.000973, 	throughput: 1841 samples/sec
2020-06-20 04:14:37,426 INFO     Average loss at batch 14200: 0.000592, 	throughput: 2023 samples/sec
2020-06-20 04:15:26,285 INFO     Average loss at batch 14300: 0.000744, 	throughput: 2095 samples/sec
2020-06-20 04:16:20,389 INFO     Average loss at batch 14400: 0.000825, 	throughput: 1892 samples/sec
2020-06-20 04:17:14,196 INFO     Average loss at batch 14500: 0.000959, 	throughput: 1903 samples/sec
2020-06-20 04:18:08,856 INFO     Average loss at batch 14600: 0.000768, 	throughput: 1873 samples/sec
2020-06-20 04:18:58,880 INFO     Average loss at batch 14700: 0.000792, 	throughput: 2047 samples/sec
2020-06-20 04:19:51,056 INFO     Average loss at batch 14800: 0.000882, 	throughput: 1962 samples/sec
2020-06-20 04:20:35,120 INFO     Average loss at batch 14900: 0.000093, 	throughput: 2323 samples/sec
2020-06-20 04:21:17,439 INFO     Average loss at batch 15000: 0.000037, 	throughput: 2419 samples/sec
2020-06-20 04:22:13,221 INFO     Average loss at batch 15100: 0.000682, 	throughput: 1835 samples/sec
2020-06-20 04:23:07,746 INFO     Average loss at batch 15200: 0.000856, 	throughput: 1878 samples/sec
2020-06-20 04:24:01,101 INFO     Average loss at batch 15300: 0.000847, 	throughput: 1919 samples/sec
2020-06-20 04:24:55,244 INFO     Average loss at batch 15400: 0.000826, 	throughput: 1891 samples/sec
2020-06-20 04:25:49,908 INFO     Average loss at batch 15500: 0.000837, 	throughput: 1873 samples/sec
2020-06-20 04:26:42,248 INFO     Average loss at batch 15600: 0.000736, 	throughput: 1956 samples/sec
2020-06-20 04:27:36,984 INFO     Average loss at batch 15700: 0.000768, 	throughput: 1870 samples/sec
2020-06-20 04:28:28,656 INFO     Average loss at batch 15800: 0.000751, 	throughput: 1981 samples/sec
2020-06-20 04:29:18,291 INFO     Average loss at batch 15900: 0.001112, 	throughput: 2063 samples/sec
2020-06-20 04:30:19,716 INFO     Saved after 5 epochs in: models/JAVA_MED_WITH_TYPES_V1_200620_001/saved_model_iter5
2020-06-20 04:30:19,829 INFO     Starting evaluation
2020-06-20 04:31:00,315 INFO     Evaluated 102400 examples...
2020-06-20 04:31:00,315 INFO     Prediction throughput: 2522 samples/sec
2020-06-20 04:31:35,013 INFO     Evaluated 204800 examples...
2020-06-20 04:31:35,014 INFO     Prediction throughput: 2720 samples/sec
2020-06-20 04:32:09,301 INFO     Evaluated 307200 examples...
2020-06-20 04:32:09,301 INFO     Prediction throughput: 2803 samples/sec
2020-06-20 04:32:44,277 INFO     Evaluated 409600 examples...
2020-06-20 04:32:44,277 INFO     Prediction throughput: 2833 samples/sec
2020-06-20 04:32:59,528 INFO     Done evaluating, epoch reached
2020-06-20 04:32:59,530 INFO     Evaluation time: 0H:2M:39S
Losses: train: 0.0008383655804209411, validation: None
2020-06-20 04:33:04,397 INFO     After 5 epochs -- top10_acc: [0.21911205 0.25064047 0.26642119 0.27582579 0.28271472 0.28818625
 0.29278401 0.29654541 0.29994586 0.30283569], precision: 0.3831981079322807, recall: 0.26579506558891175, F1: 0.3138774655480456
2020-06-20 04:33:05,927 INFO     Average loss at batch 16000: 0.001089, 	throughput: 449 samples/sec
2020-06-20 04:33:42,504 INFO     Average loss at batch 16100: 0.000950, 	throughput: 2799 samples/sec
2020-06-20 04:34:36,429 INFO     Average loss at batch 16200: 0.000765, 	throughput: 1898 samples/sec
2020-06-20 04:35:33,578 INFO     Average loss at batch 16300: 0.000861, 	throughput: 1791 samples/sec
2020-06-20 04:36:28,994 INFO     Average loss at batch 16400: 0.000904, 	throughput: 1847 samples/sec
2020-06-20 04:37:19,656 INFO     Average loss at batch 16500: 0.000527, 	throughput: 2021 samples/sec
2020-06-20 04:38:09,754 INFO     Average loss at batch 16600: 0.000680, 	throughput: 2044 samples/sec
2020-06-20 04:39:03,458 INFO     Average loss at batch 16700: 0.000712, 	throughput: 1906 samples/sec
2020-06-20 04:39:57,719 INFO     Average loss at batch 16800: 0.000864, 	throughput: 1887 samples/sec
2020-06-20 04:40:51,516 INFO     Average loss at batch 16900: 0.000724, 	throughput: 1903 samples/sec
2020-06-20 04:41:43,362 INFO     Average loss at batch 17000: 0.000730, 	throughput: 1975 samples/sec
2020-06-20 04:42:36,849 INFO     Average loss at batch 17100: 0.000846, 	throughput: 1914 samples/sec
2020-06-20 04:43:20,683 INFO     Average loss at batch 17200: 0.000099, 	throughput: 2336 samples/sec
2020-06-20 04:44:04,089 INFO     Average loss at batch 17300: 0.000039, 	throughput: 2359 samples/sec
2020-06-20 04:45:00,974 INFO     Average loss at batch 17400: 0.000568, 	throughput: 1800 samples/sec
2020-06-20 04:45:54,104 INFO     Average loss at batch 17500: 0.000765, 	throughput: 1927 samples/sec
2020-06-20 04:46:46,682 INFO     Average loss at batch 17600: 0.000773, 	throughput: 1947 samples/sec
2020-06-20 04:47:40,903 INFO     Average loss at batch 17700: 0.000766, 	throughput: 1888 samples/sec
2020-06-20 04:48:34,247 INFO     Average loss at batch 17800: 0.000726, 	throughput: 1919 samples/sec
2020-06-20 04:49:28,031 INFO     Average loss at batch 17900: 0.000697, 	throughput: 1903 samples/sec
2020-06-20 04:50:21,829 INFO     Average loss at batch 18000: 0.000703, 	throughput: 1903 samples/sec
2020-06-20 04:51:11,379 INFO     Average loss at batch 18100: 0.000684, 	throughput: 2066 samples/sec
2020-06-20 04:52:01,719 INFO     Average loss at batch 18200: 0.001023, 	throughput: 2034 samples/sec
2020-06-20 04:52:54,477 INFO     Average loss at batch 18300: 0.000998, 	throughput: 1940 samples/sec
2020-06-20 04:53:48,934 INFO     Average loss at batch 18400: 0.000891, 	throughput: 1880 samples/sec
2020-06-20 04:54:44,645 INFO     Average loss at batch 18500: 0.000701, 	throughput: 1838 samples/sec
2020-06-20 04:55:40,442 INFO     Average loss at batch 18600: 0.000771, 	throughput: 1835 samples/sec
2020-06-20 04:56:36,176 INFO     Average loss at batch 18700: 0.000879, 	throughput: 1837 samples/sec
2020-06-20 04:57:26,400 INFO     Average loss at batch 18800: 0.000482, 	throughput: 2038 samples/sec
2020-06-20 04:58:16,089 INFO     Average loss at batch 18900: 0.000654, 	throughput: 2060 samples/sec
2020-06-20 04:59:07,362 INFO     Average loss at batch 19000: 0.000619, 	throughput: 1997 samples/sec
2020-06-20 05:00:01,590 INFO     Average loss at batch 19100: 0.000794, 	throughput: 1888 samples/sec
2020-06-20 05:01:06,617 INFO     Saved after 6 epochs in: models/JAVA_MED_WITH_TYPES_V1_200620_001/saved_model_iter6
2020-06-20 05:01:06,740 INFO     Starting evaluation
2020-06-20 05:01:45,744 INFO     Evaluated 102400 examples...
2020-06-20 05:01:45,744 INFO     Prediction throughput: 2617 samples/sec
2020-06-20 05:02:20,607 INFO     Evaluated 204800 examples...
2020-06-20 05:02:20,607 INFO     Prediction throughput: 2768 samples/sec
2020-06-20 05:02:56,370 INFO     Evaluated 307200 examples...
2020-06-20 05:02:56,370 INFO     Prediction throughput: 2799 samples/sec
2020-06-20 05:03:32,455 INFO     Evaluated 409600 examples...
2020-06-20 05:03:32,455 INFO     Prediction throughput: 2808 samples/sec
2020-06-20 05:03:47,853 INFO     Done evaluating, epoch reached
2020-06-20 05:03:47,854 INFO     Evaluation time: 0H:2M:41S
Losses: train: 0.0007166420691646636, validation: None
2020-06-20 05:03:53,263 INFO     After 6 epochs -- top10_acc: [0.23232208 0.26413442 0.27910959 0.28813783 0.29489691 0.30031341
 0.3047417  0.30830061 0.3115712  0.31450065], precision: 0.39683398817128196, recall: 0.27330508634448, F1: 0.3236842963677254
2020-06-20 05:03:55,061 INFO     Average loss at batch 19200: 0.000703, 	throughput: 438 samples/sec
2020-06-20 05:04:27,874 INFO     Average loss at batch 19300: 0.000668, 	throughput: 3120 samples/sec
2020-06-20 05:05:22,055 INFO     Average loss at batch 19400: 0.000809, 	throughput: 1889 samples/sec
2020-06-20 05:06:06,701 INFO     Average loss at batch 19500: 0.000132, 	throughput: 2293 samples/sec
2020-06-20 05:06:49,392 INFO     Average loss at batch 19600: 0.000042, 	throughput: 2398 samples/sec
2020-06-20 05:07:42,907 INFO     Average loss at batch 19700: 0.000476, 	throughput: 1913 samples/sec
2020-06-20 05:08:37,746 INFO     Average loss at batch 19800: 0.000689, 	throughput: 1867 samples/sec
2020-06-20 05:09:31,617 INFO     Average loss at batch 19900: 0.000708, 	throughput: 1900 samples/sec
2020-06-20 05:10:25,305 INFO     Average loss at batch 20000: 0.000719, 	throughput: 1907 samples/sec
2020-06-20 05:11:18,637 INFO     Average loss at batch 20100: 0.000695, 	throughput: 1920 samples/sec
2020-06-20 05:12:14,562 INFO     Average loss at batch 20200: 0.000648, 	throughput: 1831 samples/sec
2020-06-20 05:13:07,028 INFO     Average loss at batch 20300: 0.000650, 	throughput: 1951 samples/sec
2020-06-20 05:13:56,911 INFO     Average loss at batch 20400: 0.000640, 	throughput: 2052 samples/sec
2020-06-20 05:14:50,259 INFO     Average loss at batch 20500: 0.000903, 	throughput: 1919 samples/sec
2020-06-20 05:15:40,793 INFO     Average loss at batch 20600: 0.000946, 	throughput: 2026 samples/sec
2020-06-20 05:16:32,741 INFO     Average loss at batch 20700: 0.000885, 	throughput: 1971 samples/sec
2020-06-20 05:17:29,346 INFO     Average loss at batch 20800: 0.000621, 	throughput: 1809 samples/sec
2020-06-20 05:18:23,366 INFO     Average loss at batch 20900: 0.000723, 	throughput: 1895 samples/sec
2020-06-20 05:19:18,141 INFO     Average loss at batch 21000: 0.000842, 	throughput: 1869 samples/sec
2020-06-20 05:20:09,000 INFO     Average loss at batch 21100: 0.000471, 	throughput: 2013 samples/sec
2020-06-20 05:20:59,562 INFO     Average loss at batch 21200: 0.000615, 	throughput: 2025 samples/sec
2020-06-20 05:21:50,774 INFO     Average loss at batch 21300: 0.000586, 	throughput: 1999 samples/sec
2020-06-20 05:22:49,246 INFO     Average loss at batch 21400: 0.000730, 	throughput: 1751 samples/sec
2020-06-20 05:23:41,565 INFO     Average loss at batch 21500: 0.000683, 	throughput: 1957 samples/sec
2020-06-20 05:24:33,318 INFO     Average loss at batch 21600: 0.000598, 	throughput: 1978 samples/sec
2020-06-20 05:25:27,726 INFO     Average loss at batch 21700: 0.000779, 	throughput: 1882 samples/sec
2020-06-20 05:26:14,173 INFO     Average loss at batch 21800: 0.000176, 	throughput: 2204 samples/sec
2020-06-20 05:26:58,862 INFO     Average loss at batch 21900: 0.000043, 	throughput: 2291 samples/sec
2020-06-20 05:27:52,789 INFO     Average loss at batch 22000: 0.000419, 	throughput: 1898 samples/sec
2020-06-20 05:28:47,780 INFO     Average loss at batch 22100: 0.000605, 	throughput: 1862 samples/sec
2020-06-20 05:29:41,923 INFO     Average loss at batch 22200: 0.000664, 	throughput: 1891 samples/sec
2020-06-20 05:30:36,392 INFO     Average loss at batch 22300: 0.000674, 	throughput: 1880 samples/sec
WARNING:tensorflow:From /usr/local/lib/python3.6/dist-packages/tensorflow_core/python/training/saver.py:963: remove_checkpoint (from tensorflow.python.training.checkpoint_management) is deprecated and will be removed in a future version.
Instructions for updating:
Use standard file APIs to delete files with this prefix.
2020-06-20 05:31:36,550 INFO     Saved after 7 epochs in: models/JAVA_MED_WITH_TYPES_V1_200620_001/saved_model_iter7
2020-06-20 05:31:36,661 INFO     Starting evaluation
2020-06-20 05:32:17,589 INFO     Evaluated 102400 examples...
2020-06-20 05:32:17,589 INFO     Prediction throughput: 2495 samples/sec
2020-06-20 05:32:52,293 INFO     Evaluated 204800 examples...
2020-06-20 05:32:52,293 INFO     Prediction throughput: 2704 samples/sec
2020-06-20 05:33:27,226 INFO     Evaluated 307200 examples...
2020-06-20 05:33:27,226 INFO     Prediction throughput: 2775 samples/sec
2020-06-20 05:34:02,235 INFO     Evaluated 409600 examples...
2020-06-20 05:34:02,235 INFO     Prediction throughput: 2811 samples/sec
2020-06-20 05:34:17,735 INFO     Done evaluating, epoch reached
2020-06-20 05:34:17,736 INFO     Evaluation time: 0H:2M:41S
Losses: train: 0.0006098556914366782, validation: None
2020-06-20 05:34:22,646 INFO     After 7 epochs -- top10_acc: [0.21951042 0.2518862  0.26658186 0.2772542  0.28422457 0.28968069
 0.29397472 0.29783296 0.301218   0.30420247], precision: 0.3732464395678522, recall: 0.2588617724223951, F1: 0.3057047292351055
2020-06-20 05:34:24,773 INFO     Average loss at batch 22400: 0.000685, 	throughput: 448 samples/sec
2020-06-20 05:35:01,796 INFO     Average loss at batch 22500: 0.000599, 	throughput: 2765 samples/sec
2020-06-20 05:35:54,948 INFO     Average loss at batch 22600: 0.000625, 	throughput: 1926 samples/sec
2020-06-20 05:36:45,330 INFO     Average loss at batch 22700: 0.000598, 	throughput: 2032 samples/sec
2020-06-20 05:37:40,195 INFO     Average loss at batch 22800: 0.000801, 	throughput: 1866 samples/sec
2020-06-20 05:38:30,882 INFO     Average loss at batch 22900: 0.000910, 	throughput: 2020 samples/sec
2020-06-20 05:39:23,840 INFO     Average loss at batch 23000: 0.000879, 	throughput: 1933 samples/sec
2020-06-20 05:40:21,444 INFO     Average loss at batch 23100: 0.000600, 	throughput: 1777 samples/sec
2020-06-20 05:41:14,149 INFO     Average loss at batch 23200: 0.000602, 	throughput: 1942 samples/sec
2020-06-20 05:42:09,137 INFO     Average loss at batch 23300: 0.000854, 	throughput: 1862 samples/sec
2020-06-20 05:43:02,017 INFO     Average loss at batch 23400: 0.000489, 	throughput: 1936 samples/sec
2020-06-20 05:43:52,722 INFO     Average loss at batch 23500: 0.000565, 	throughput: 2019 samples/sec
2020-06-20 05:44:44,766 INFO     Average loss at batch 23600: 0.000582, 	throughput: 1967 samples/sec
2020-06-20 05:45:43,970 INFO     Average loss at batch 23700: 0.000663, 	throughput: 1729 samples/sec
2020-06-20 05:46:40,341 INFO     Average loss at batch 23800: 0.000689, 	throughput: 1816 samples/sec
2020-06-20 05:47:35,050 INFO     Average loss at batch 23900: 0.000545, 	throughput: 1871 samples/sec
2020-06-20 05:48:32,310 INFO     Average loss at batch 24000: 0.000737, 	throughput: 1788 samples/sec
2020-06-20 05:49:21,899 INFO     Average loss at batch 24100: 0.000223, 	throughput: 2065 samples/sec
2020-06-20 05:50:07,763 INFO     Average loss at batch 24200: 0.000041, 	throughput: 2232 samples/sec
2020-06-20 05:51:01,701 INFO     Average loss at batch 24300: 0.000321, 	throughput: 1898 samples/sec
2020-06-20 05:51:59,838 INFO     Average loss at batch 24400: 0.000599, 	throughput: 1761 samples/sec
2020-06-20 05:52:58,338 INFO     Average loss at batch 24500: 0.000603, 	throughput: 1750 samples/sec
2020-06-20 05:53:56,142 INFO     Average loss at batch 24600: 0.000662, 	throughput: 1771 samples/sec
2020-06-20 05:54:53,759 INFO     Average loss at batch 24700: 0.000664, 	throughput: 1777 samples/sec
2020-06-20 05:55:54,186 INFO     Average loss at batch 24800: 0.000583, 	throughput: 1694 samples/sec
2020-06-20 05:56:49,883 INFO     Average loss at batch 24900: 0.000583, 	throughput: 1838 samples/sec
2020-06-20 05:57:43,507 INFO     Average loss at batch 25000: 0.000561, 	throughput: 1909 samples/sec
2020-06-20 05:58:41,621 INFO     Average loss at batch 25100: 0.000700, 	throughput: 1762 samples/sec
2020-06-20 05:59:34,703 INFO     Average loss at batch 25200: 0.000920, 	throughput: 1929 samples/sec
2020-06-20 06:00:29,967 INFO     Average loss at batch 25300: 0.000852, 	throughput: 1852 samples/sec
2020-06-20 06:01:32,478 INFO     Average loss at batch 25400: 0.000592, 	throughput: 1638 samples/sec
2020-06-20 06:02:28,597 INFO     Average loss at batch 25500: 0.000536, 	throughput: 1824 samples/sec
2020-06-20 06:03:33,322 INFO     Saved after 8 epochs in: models/JAVA_MED_WITH_TYPES_V1_200620_001/saved_model_iter8
2020-06-20 06:03:33,438 INFO     Starting evaluation
2020-06-20 06:04:15,903 INFO     Evaluated 102400 examples...
2020-06-20 06:04:15,903 INFO     Prediction throughput: 2405 samples/sec
2020-06-20 06:04:53,347 INFO     Evaluated 204800 examples...
2020-06-20 06:04:53,347 INFO     Prediction throughput: 2559 samples/sec
2020-06-20 06:05:30,806 INFO     Evaluated 307200 examples...
2020-06-20 06:05:30,806 INFO     Prediction throughput: 2614 samples/sec
2020-06-20 06:06:08,270 INFO     Evaluated 409600 examples...
2020-06-20 06:06:08,270 INFO     Prediction throughput: 2643 samples/sec
2020-06-20 06:06:24,891 INFO     Done evaluating, epoch reached
2020-06-20 06:06:24,892 INFO     Evaluation time: 0H:2M:51S
Losses: train: 0.0006244838587008417, validation: None
2020-06-20 06:06:30,562 INFO     After 8 epochs -- top10_acc: [0.22036659 0.25173654 0.26547699 0.27428073 0.28254525 0.28757439
 0.29174957 0.29567384 0.29892022 0.30183866], precision: 0.37958589516892266, recall: 0.2620597555454957, F1: 0.3100595688156848
2020-06-20 06:06:32,985 INFO     Average loss at batch 25600: 0.000829, 	throughput: 419 samples/sec
2020-06-20 06:07:08,114 INFO     Average loss at batch 25700: 0.000513, 	throughput: 2914 samples/sec
2020-06-20 06:08:01,579 INFO     Average loss at batch 25800: 0.000474, 	throughput: 1915 samples/sec
2020-06-20 06:08:56,611 INFO     Average loss at batch 25900: 0.000622, 	throughput: 1860 samples/sec
2020-06-20 06:09:55,598 INFO     Average loss at batch 26000: 0.000585, 	throughput: 1735 samples/sec
2020-06-20 06:10:52,055 INFO     Average loss at batch 26100: 0.000680, 	throughput: 1813 samples/sec
2020-06-20 06:11:46,403 INFO     Average loss at batch 26200: 0.000531, 	throughput: 1884 samples/sec
2020-06-20 06:12:42,302 INFO     Average loss at batch 26300: 0.000681, 	throughput: 1831 samples/sec
2020-06-20 06:13:32,564 INFO     Average loss at batch 26400: 0.000282, 	throughput: 2037 samples/sec
2020-06-20 06:14:18,936 INFO     Average loss at batch 26500: 0.000048, 	throughput: 2208 samples/sec
2020-06-20 06:15:12,637 INFO     Average loss at batch 26600: 0.000226, 	throughput: 1906 samples/sec
2020-06-20 06:16:10,305 INFO     Average loss at batch 26700: 0.000600, 	throughput: 1775 samples/sec
2020-06-20 06:17:09,141 INFO     Average loss at batch 26800: 0.000593, 	throughput: 1740 samples/sec
2020-06-20 06:18:06,732 INFO     Average loss at batch 26900: 0.000609, 	throughput: 1778 samples/sec
2020-06-20 06:19:02,750 INFO     Average loss at batch 27000: 0.000648, 	throughput: 1828 samples/sec
2020-06-20 06:20:04,435 INFO     Average loss at batch 27100: 0.000583, 	throughput: 1660 samples/sec
2020-06-20 06:20:58,261 INFO     Average loss at batch 27200: 0.000538, 	throughput: 1902 samples/sec
2020-06-20 06:21:54,020 INFO     Average loss at batch 27300: 0.000548, 	throughput: 1836 samples/sec
2020-06-20 06:22:50,226 INFO     Average loss at batch 27400: 0.000645, 	throughput: 1821 samples/sec
2020-06-20 06:23:40,123 INFO     Average loss at batch 27500: 0.000862, 	throughput: 2052 samples/sec
2020-06-20 06:24:33,735 INFO     Average loss at batch 27600: 0.000844, 	throughput: 1910 samples/sec
2020-06-20 06:25:32,250 INFO     Average loss at batch 27700: 0.000593, 	throughput: 1750 samples/sec
2020-06-20 06:26:27,221 INFO     Average loss at batch 27800: 0.000523, 	throughput: 1862 samples/sec
2020-06-20 06:27:23,483 INFO     Average loss at batch 27900: 0.000763, 	throughput: 1820 samples/sec
2020-06-20 06:28:23,691 INFO     Average loss at batch 28000: 0.000545, 	throughput: 1700 samples/sec
2020-06-20 06:29:20,721 INFO     Average loss at batch 28100: 0.000364, 	throughput: 1795 samples/sec
2020-06-20 06:30:17,534 INFO     Average loss at batch 28200: 0.000656, 	throughput: 1802 samples/sec
2020-06-20 06:31:21,606 INFO     Average loss at batch 28300: 0.000540, 	throughput: 1598 samples/sec
2020-06-20 06:32:20,953 INFO     Average loss at batch 28400: 0.000655, 	throughput: 1725 samples/sec
2020-06-20 06:33:21,512 INFO     Average loss at batch 28500: 0.000553, 	throughput: 1690 samples/sec
2020-06-20 06:34:21,045 INFO     Average loss at batch 28600: 0.000588, 	throughput: 1720 samples/sec
2020-06-20 06:35:16,269 INFO     Average loss at batch 28700: 0.000385, 	throughput: 1854 samples/sec
2020-06-20 06:36:13,668 INFO     Saved after 9 epochs in: models/JAVA_MED_WITH_TYPES_V1_200620_001/saved_model_iter9
2020-06-20 06:36:13,772 INFO     Starting evaluation
2020-06-20 06:36:55,680 INFO     Evaluated 102400 examples...
2020-06-20 06:36:55,680 INFO     Prediction throughput: 2437 samples/sec
2020-06-20 06:37:35,819 INFO     Evaluated 204800 examples...
2020-06-20 06:37:35,819 INFO     Prediction throughput: 2493 samples/sec
2020-06-20 06:38:15,782 INFO     Evaluated 307200 examples...
2020-06-20 06:38:15,782 INFO     Prediction throughput: 2515 samples/sec
2020-06-20 06:38:55,250 INFO     Evaluated 409600 examples...
2020-06-20 06:38:55,250 INFO     Prediction throughput: 2535 samples/sec
2020-06-20 06:39:12,547 INFO     Done evaluating, epoch reached
2020-06-20 06:39:12,549 INFO     Evaluation time: 0H:2M:58S
Losses: train: 0.0005435454659163952, validation: None
2020-06-20 06:39:18,909 INFO     After 9 epochs -- top10_acc: [0.22574348 0.25725869 0.27190812 0.28096938 0.28723765 0.29215674
 0.29711105 0.30066776 0.30399778 0.30675776], precision: 0.3813340836934708, recall: 0.2709847171226478, F1: 0.3168257872365953
2020-06-20 06:39:21,625 INFO     Average loss at batch 28800: 0.000050, 	throughput: 417 samples/sec
2020-06-20 06:40:01,122 INFO     Average loss at batch 28900: 0.000170, 	throughput: 2592 samples/sec
2020-06-20 06:41:02,950 INFO     Average loss at batch 29000: 0.000580, 	throughput: 1656 samples/sec
2020-06-20 06:42:06,602 INFO     Average loss at batch 29100: 0.000586, 	throughput: 1608 samples/sec
2020-06-20 06:43:07,903 INFO     Average loss at batch 29200: 0.000566, 	throughput: 1670 samples/sec
2020-06-20 06:44:08,963 INFO     Average loss at batch 29300: 0.000630, 	throughput: 1677 samples/sec
2020-06-20 06:45:14,650 INFO     Average loss at batch 29400: 0.000568, 	throughput: 1558 samples/sec
2020-06-20 06:46:51,579 INFO     Average loss at batch 29500: 0.000523, 	throughput: 1056 samples/sec
2020-06-20 06:48:58,794 INFO     Average loss at batch 29600: 0.000533, 	throughput: 804 samples/sec
2020-06-20 06:51:10,665 INFO     Average loss at batch 29700: 0.000576, 	throughput: 776 samples/sec
2020-06-20 06:53:11,382 INFO     Average loss at batch 29800: 0.000856, 	throughput: 848 samples/sec
2020-06-20 06:54:48,934 INFO     Average loss at batch 29900: 0.000819, 	throughput: 1049 samples/sec
2020-06-20 06:56:24,768 INFO     Average loss at batch 30000: 0.000602, 	throughput: 1068 samples/sec
2020-06-20 06:58:04,651 INFO     Average loss at batch 30100: 0.000530, 	throughput: 1025 samples/sec
2020-06-20 06:59:44,486 INFO     Average loss at batch 30200: 0.000692, 	throughput: 1025 samples/sec
2020-06-20 07:01:28,656 INFO     Average loss at batch 30300: 0.000579, 	throughput: 983 samples/sec
2020-06-20 07:03:04,676 INFO     Average loss at batch 30400: 0.000346, 	throughput: 1066 samples/sec
2020-06-20 07:04:39,561 INFO     Average loss at batch 30500: 0.000606, 	throughput: 1079 samples/sec
2020-06-20 07:06:36,057 INFO     Average loss at batch 30600: 0.000508, 	throughput: 879 samples/sec
2020-06-20 07:08:09,600 INFO     Average loss at batch 30700: 0.000643, 	throughput: 1094 samples/sec
2020-06-20 07:09:59,793 INFO     Average loss at batch 30800: 0.000542, 	throughput: 929 samples/sec
2020-06-20 07:11:47,361 INFO     Average loss at batch 30900: 0.000540, 	throughput: 951 samples/sec
2020-06-20 07:13:38,949 INFO     Average loss at batch 31000: 0.000463, 	throughput: 917 samples/sec
2020-06-20 07:15:17,382 INFO     Average loss at batch 31100: 0.000050, 	throughput: 1040 samples/sec
2020-06-20 07:17:01,801 INFO     Average loss at batch 31200: 0.000122, 	throughput: 980 samples/sec
2020-06-20 07:19:05,875 INFO     Average loss at batch 31300: 0.000548, 	throughput: 825 samples/sec
2020-06-20 07:21:10,865 INFO     Average loss at batch 31400: 0.000568, 	throughput: 819 samples/sec
2020-06-20 07:23:07,518 INFO     Average loss at batch 31500: 0.000552, 	throughput: 877 samples/sec
2020-06-20 07:25:12,038 INFO     Average loss at batch 31600: 0.000598, 	throughput: 822 samples/sec
2020-06-20 07:27:29,029 INFO     Average loss at batch 31700: 0.000541, 	throughput: 747 samples/sec
2020-06-20 07:29:43,491 INFO     Average loss at batch 31800: 0.000537, 	throughput: 761 samples/sec
2020-06-20 07:31:51,794 INFO     Average loss at batch 31900: 0.000504, 	throughput: 798 samples/sec
2020-06-20 07:33:56,171 INFO     Saved after 10 epochs in: models/JAVA_MED_WITH_TYPES_V1_200620_001/saved_model_iter10
2020-06-20 07:33:56,311 INFO     Starting evaluation
2020-06-20 07:35:04,665 INFO     Evaluated 102400 examples...
2020-06-20 07:35:04,665 INFO     Prediction throughput: 1495 samples/sec
2020-06-20 07:36:24,070 INFO     Evaluated 204800 examples...
2020-06-20 07:36:24,071 INFO     Prediction throughput: 1384 samples/sec
2020-06-20 07:37:50,685 INFO     Evaluated 307200 examples...
2020-06-20 07:37:50,686 INFO     Prediction throughput: 1309 samples/sec
2020-06-20 07:39:30,345 INFO     Evaluated 409600 examples...
2020-06-20 07:39:30,346 INFO     Prediction throughput: 1225 samples/sec
2020-06-20 07:40:10,458 INFO     Done evaluating, epoch reached
2020-06-20 07:40:10,462 INFO     Evaluation time: 0H:6M:14S
Losses: train: 0.0005301667260937393, validation: None
2020-06-20 07:40:38,338 INFO     After 10 epochs -- top10_acc: [0.22465841 0.25535268 0.26921418 0.27847352 0.28469337 0.28962787
 0.2941838  0.29778234 0.30131484 0.30398678], precision: 0.36648204899841563, recall: 0.26830089207486457, F1: 0.3097986864910035
2020-06-20 07:40:41,397 INFO     Average loss at batch 32000: 0.000556, 	throughput: 193 samples/sec
2020-06-20 07:41:56,559 INFO     Average loss at batch 32100: 0.000828, 	throughput: 1362 samples/sec
2020-06-20 07:44:13,940 INFO     Average loss at batch 32200: 0.000788, 	throughput: 745 samples/sec
2020-06-20 07:46:37,674 INFO     Average loss at batch 32300: 0.000606, 	throughput: 712 samples/sec
2020-06-20 07:48:43,122 INFO     Average loss at batch 32400: 0.000521, 	throughput: 816 samples/sec
2020-06-20 07:51:12,177 INFO     Average loss at batch 32500: 0.000672, 	throughput: 686 samples/sec
2020-06-20 07:53:12,578 INFO     Average loss at batch 32600: 0.000589, 	throughput: 850 samples/sec
2020-06-20 07:55:11,318 INFO     Average loss at batch 32700: 0.000326, 	throughput: 862 samples/sec
2020-06-20 07:56:14,709 INFO     Average loss at batch 32800: 0.000560, 	throughput: 1615 samples/sec
2020-06-20 07:58:21,085 INFO     Average loss at batch 32900: 0.000522, 	throughput: 810 samples/sec
2020-06-20 08:00:39,022 INFO     Average loss at batch 33000: 0.000612, 	throughput: 742 samples/sec
2020-06-20 08:02:40,078 INFO     Average loss at batch 33100: 0.000514, 	throughput: 845 samples/sec
2020-06-20 08:04:41,959 INFO     Average loss at batch 33200: 0.000522, 	throughput: 840 samples/sec
2020-06-20 08:06:47,785 INFO     Average loss at batch 33300: 0.000523, 	throughput: 813 samples/sec
2020-06-20 08:08:33,660 INFO     Average loss at batch 33400: 0.000051, 	throughput: 967 samples/sec
2020-06-20 08:10:09,308 INFO     Average loss at batch 33500: 0.000070, 	throughput: 1070 samples/sec
2020-06-20 08:12:37,056 INFO     Average loss at batch 33600: 0.000539, 	throughput: 693 samples/sec
2020-06-20 08:14:46,822 INFO     Average loss at batch 33700: 0.000546, 	throughput: 789 samples/sec
2020-06-20 08:16:16,701 INFO     Average loss at batch 33800: 0.000545, 	throughput: 1139 samples/sec
2020-06-20 08:17:28,208 INFO     Average loss at batch 33900: 0.000560, 	throughput: 1432 samples/sec
2020-06-20 08:18:37,500 INFO     Average loss at batch 34000: 0.000544, 	throughput: 1477 samples/sec
2020-06-20 08:19:39,174 INFO     Average loss at batch 34100: 0.000509, 	throughput: 1660 samples/sec
2020-06-20 08:20:42,518 INFO     Average loss at batch 34200: 0.000504, 	throughput: 1616 samples/sec
2020-06-20 08:21:42,690 INFO     Average loss at batch 34300: 0.000523, 	throughput: 1701 samples/sec
2020-06-20 08:23:06,158 INFO     Average loss at batch 34400: 0.000811, 	throughput: 1226 samples/sec
2020-06-20 08:24:06,777 INFO     Average loss at batch 34500: 0.000758, 	throughput: 1689 samples/sec
2020-06-20 08:25:10,644 INFO     Average loss at batch 34600: 0.000627, 	throughput: 1603 samples/sec
2020-06-20 08:26:46,534 INFO     Average loss at batch 34700: 0.000514, 	throughput: 1067 samples/sec
2020-06-20 08:28:50,435 INFO     Average loss at batch 34800: 0.000652, 	throughput: 826 samples/sec
2020-06-20 08:31:10,704 INFO     Average loss at batch 34900: 0.000577, 	throughput: 730 samples/sec
2020-06-20 08:33:13,090 INFO     Average loss at batch 35000: 0.000329, 	throughput: 836 samples/sec
2020-06-20 08:35:14,997 INFO     Average loss at batch 35100: 0.000514, 	throughput: 839 samples/sec
2020-06-20 08:36:49,765 INFO     Saved after 11 epochs in: models/JAVA_MED_WITH_TYPES_V1_200620_001/saved_model_iter11
2020-06-20 08:36:49,887 INFO     Starting evaluation
2020-06-20 08:37:36,271 INFO     Evaluated 102400 examples...
2020-06-20 08:37:36,272 INFO     Prediction throughput: 2202 samples/sec
2020-06-20 08:38:17,450 INFO     Evaluated 204800 examples...
2020-06-20 08:38:17,450 INFO     Prediction throughput: 2335 samples/sec
2020-06-20 08:39:12,116 INFO     Evaluated 307200 examples...
2020-06-20 08:39:12,116 INFO     Prediction throughput: 2158 samples/sec
2020-06-20 08:39:52,501 INFO     Evaluated 409600 examples...
2020-06-20 08:39:52,501 INFO     Prediction throughput: 2241 samples/sec
2020-06-20 08:40:25,003 INFO     Done evaluating, epoch reached
2020-06-20 08:40:25,007 INFO     Evaluation time: 0H:3M:35S
Losses: train: 0.0005397034110501409, validation: None
2020-06-20 08:40:40,909 INFO     After 11 epochs -- top10_acc: [0.22729073 0.25714204 0.27025302 0.27875744 0.28521719 0.29034097
 0.29446332 0.29783956 0.30067877 0.30340573], precision: 0.3784051113138033, recall: 0.2633093470886334, F1: 0.31053563306985277
2020-06-20 08:40:44,282 INFO     Average loss at batch 35200: 0.000510, 	throughput: 310 samples/sec
2020-06-20 08:42:16,234 INFO     Average loss at batch 35300: 0.000609, 	throughput: 1113 samples/sec
2020-06-20 08:43:59,065 INFO     Average loss at batch 35400: 0.000496, 	throughput: 995 samples/sec
2020-06-20 08:44:54,131 INFO     Average loss at batch 35500: 0.000517, 	throughput: 1859 samples/sec
2020-06-20 08:45:51,144 INFO     Average loss at batch 35600: 0.000562, 	throughput: 1796 samples/sec
2020-06-20 08:46:37,890 INFO     Average loss at batch 35700: 0.000053, 	throughput: 2190 samples/sec
2020-06-20 08:47:24,168 INFO     Average loss at batch 35800: 0.000030, 	throughput: 2212 samples/sec
2020-06-20 08:48:25,065 INFO     Average loss at batch 35900: 0.000515, 	throughput: 1681 samples/sec
2020-06-20 08:49:24,523 INFO     Average loss at batch 36000: 0.000537, 	throughput: 1722 samples/sec
2020-06-20 08:50:20,786 INFO     Average loss at batch 36100: 0.000533, 	throughput: 1820 samples/sec
2020-06-20 08:51:19,710 INFO     Average loss at batch 36200: 0.000535, 	throughput: 1737 samples/sec
2020-06-20 08:52:17,604 INFO     Average loss at batch 36300: 0.000530, 	throughput: 1768 samples/sec
2020-06-20 08:53:15,765 INFO     Average loss at batch 36400: 0.000472, 	throughput: 1760 samples/sec
2020-06-20 08:54:12,020 INFO     Average loss at batch 36500: 0.000509, 	throughput: 1820 samples/sec
2020-06-20 08:55:09,494 INFO     Average loss at batch 36600: 0.000489, 	throughput: 1781 samples/sec
2020-06-20 08:56:02,766 INFO     Average loss at batch 36700: 0.000795, 	throughput: 1922 samples/sec
2020-06-20 08:57:00,080 INFO     Average loss at batch 36800: 0.000747, 	throughput: 1786 samples/sec
2020-06-20 08:58:00,374 INFO     Average loss at batch 36900: 0.000643, 	throughput: 1698 samples/sec
2020-06-20 08:58:58,567 INFO     Average loss at batch 37000: 0.000509, 	throughput: 1759 samples/sec
2020-06-20 08:59:58,933 INFO     Average loss at batch 37100: 0.000626, 	throughput: 1696 samples/sec
2020-06-20 09:00:58,434 INFO     Average loss at batch 37200: 0.000587, 	throughput: 1720 samples/sec
2020-06-20 09:01:53,666 INFO     Average loss at batch 37300: 0.000335, 	throughput: 1854 samples/sec
2020-06-20 09:02:46,733 INFO     Average loss at batch 37400: 0.000490, 	throughput: 1929 samples/sec
2020-06-20 09:03:44,503 INFO     Average loss at batch 37500: 0.000479, 	throughput: 1772 samples/sec
2020-06-20 09:04:41,799 INFO     Average loss at batch 37600: 0.000602, 	throughput: 1787 samples/sec
2020-06-20 09:05:39,898 INFO     Average loss at batch 37700: 0.000500, 	throughput: 1762 samples/sec
2020-06-20 09:06:34,970 INFO     Average loss at batch 37800: 0.000515, 	throughput: 1859 samples/sec
2020-06-20 09:07:31,890 INFO     Average loss at batch 37900: 0.000588, 	throughput: 1799 samples/sec
2020-06-20 09:08:18,704 INFO     Average loss at batch 38000: 0.000056, 	throughput: 2187 samples/sec
2020-06-20 09:09:04,662 INFO     Average loss at batch 38100: 0.000025, 	throughput: 2228 samples/sec
2020-06-20 09:10:05,662 INFO     Average loss at batch 38200: 0.000457, 	throughput: 1678 samples/sec
2020-06-20 09:11:04,753 INFO     Average loss at batch 38300: 0.000543, 	throughput: 1732 samples/sec
2020-06-20 09:12:12,927 INFO     Saved after 12 epochs in: models/JAVA_MED_WITH_TYPES_V1_200620_001/saved_model_iter12
2020-06-20 09:12:13,042 INFO     Starting evaluation
2020-06-20 09:12:58,815 INFO     Evaluated 102400 examples...
2020-06-20 09:12:58,818 INFO     Prediction throughput: 2231 samples/sec
2020-06-20 09:13:40,068 INFO     Evaluated 204800 examples...
2020-06-20 09:13:40,069 INFO     Prediction throughput: 2350 samples/sec
2020-06-20 09:14:19,255 INFO     Evaluated 307200 examples...
2020-06-20 09:14:19,256 INFO     Prediction throughput: 2431 samples/sec
2020-06-20 09:14:56,770 INFO     Evaluated 409600 examples...
2020-06-20 09:14:56,771 INFO     Prediction throughput: 2500 samples/sec
2020-06-20 09:15:13,266 INFO     Done evaluating, epoch reached
2020-06-20 09:15:13,268 INFO     Evaluation time: 0H:3M:0S
Losses: train: 0.00048147139023058116, validation: None
2020-06-20 09:15:19,470 INFO     After 12 epochs -- top10_acc: [0.22711686 0.25528885 0.26922298 0.2777274  0.28412552 0.28880031
 0.29274659 0.29645297 0.29936481 0.30187828], precision: 0.372361352071254, recall: 0.26130129417346615, F1: 0.3070987496991379
2020-06-20 09:15:23,094 INFO     Average loss at batch 38400: 0.000515, 	throughput: 396 samples/sec
2020-06-20 09:16:01,390 INFO     Average loss at batch 38500: 0.000520, 	throughput: 2674 samples/sec
2020-06-20 09:16:57,362 INFO     Average loss at batch 38600: 0.000514, 	throughput: 1829 samples/sec
2020-06-20 09:18:05,442 INFO     Average loss at batch 38700: 0.000456, 	throughput: 1504 samples/sec
2020-06-20 09:19:03,398 INFO     Average loss at batch 38800: 0.000506, 	throughput: 1766 samples/sec
2020-06-20 09:19:58,992 INFO     Average loss at batch 38900: 0.000469, 	throughput: 1841 samples/sec
2020-06-20 09:20:52,689 INFO     Average loss at batch 39000: 0.000777, 	throughput: 1907 samples/sec
2020-06-20 09:21:51,906 INFO     Average loss at batch 39100: 0.000725, 	throughput: 1729 samples/sec
2020-06-20 09:22:52,559 INFO     Average loss at batch 39200: 0.000648, 	throughput: 1688 samples/sec
2020-06-20 09:23:53,206 INFO     Average loss at batch 39300: 0.000497, 	throughput: 1688 samples/sec
2020-06-20 09:24:53,864 INFO     Average loss at batch 39400: 0.000597, 	throughput: 1688 samples/sec
2020-06-20 09:25:53,697 INFO     Average loss at batch 39500: 0.000606, 	throughput: 1711 samples/sec
2020-06-20 09:26:56,433 INFO     Average loss at batch 39600: 0.000332, 	throughput: 1632 samples/sec
2020-06-20 09:28:00,429 INFO     Average loss at batch 39700: 0.000473, 	throughput: 1600 samples/sec
2020-06-20 09:29:11,691 INFO     Average loss at batch 39800: 0.000461, 	throughput: 1436 samples/sec
2020-06-20 09:30:22,753 INFO     Average loss at batch 39900: 0.000578, 	throughput: 1440 samples/sec
2020-06-20 09:31:43,399 INFO     Average loss at batch 40000: 0.000507, 	throughput: 1269 samples/sec
2020-06-20 09:33:03,945 INFO     Average loss at batch 40100: 0.000505, 	throughput: 1271 samples/sec
2020-06-20 09:34:24,276 INFO     Average loss at batch 40200: 0.000599, 	throughput: 1274 samples/sec
2020-06-20 09:35:21,486 INFO     Average loss at batch 40300: 0.000075, 	throughput: 1789 samples/sec
2020-06-20 09:36:15,386 INFO     Average loss at batch 40400: 0.000027, 	throughput: 1899 samples/sec
2020-06-20 09:37:32,155 INFO     Average loss at batch 40500: 0.000406, 	throughput: 1333 samples/sec
2020-06-20 09:38:29,527 INFO     Average loss at batch 40600: 0.000526, 	throughput: 1784 samples/sec
2020-06-20 09:39:42,186 INFO     Average loss at batch 40700: 0.000500, 	throughput: 1409 samples/sec
2020-06-20 09:40:44,383 INFO     Average loss at batch 40800: 0.000531, 	throughput: 1646 samples/sec
2020-06-20 09:41:48,174 INFO     Average loss at batch 40900: 0.000492, 	throughput: 1605 samples/sec
2020-06-20 09:43:05,871 INFO     Average loss at batch 41000: 0.000462, 	throughput: 1317 samples/sec
2020-06-20 09:44:19,619 INFO     Average loss at batch 41100: 0.000486, 	throughput: 1388 samples/sec
2020-06-20 09:45:20,450 INFO     Average loss at batch 41200: 0.000469, 	throughput: 1683 samples/sec
2020-06-20 09:46:24,661 INFO     Average loss at batch 41300: 0.000733, 	throughput: 1594 samples/sec
2020-06-20 09:47:24,325 INFO     Average loss at batch 41400: 0.000712, 	throughput: 1716 samples/sec
2020-06-20 09:48:43,470 INFO     Average loss at batch 41500: 0.000655, 	throughput: 1293 samples/sec
2020-06-20 09:49:56,926 INFO     Saved after 13 epochs in: models/JAVA_MED_WITH_TYPES_V1_200620_001/saved_model_iter13
2020-06-20 09:49:57,038 INFO     Starting evaluation
2020-06-20 09:50:51,553 INFO     Evaluated 102400 examples...
2020-06-20 09:50:51,554 INFO     Prediction throughput: 1874 samples/sec
2020-06-20 09:51:40,893 INFO     Evaluated 204800 examples...
2020-06-20 09:51:40,893 INFO     Prediction throughput: 1970 samples/sec
2020-06-20 09:52:24,140 INFO     Evaluated 307200 examples...
2020-06-20 09:52:24,140 INFO     Prediction throughput: 2086 samples/sec
2020-06-20 09:53:09,575 INFO     Evaluated 409600 examples...
2020-06-20 09:53:09,576 INFO     Prediction throughput: 2126 samples/sec
2020-06-20 09:53:30,854 INFO     Done evaluating, epoch reached
2020-06-20 09:53:30,858 INFO     Evaluation time: 0H:3M:33S
Losses: train: 0.0005098127876408398, validation: None
2020-06-20 09:53:37,933 INFO     After 13 epochs -- top10_acc: [0.22736997 0.25547593 0.26858691 0.27711114 0.28309549 0.28810262
 0.2920467  0.29562982 0.29842941 0.30096709], precision: 0.3639147367169406, recall: 0.26099385622463833, F1: 0.3039788908187015
2020-06-20 09:53:41,852 INFO     Average loss at batch 41600: 0.000470, 	throughput: 343 samples/sec
2020-06-20 09:54:36,890 INFO     Average loss at batch 41700: 0.000570, 	throughput: 1860 samples/sec
2020-06-20 09:55:37,088 INFO     Average loss at batch 41800: 0.000640, 	throughput: 1701 samples/sec
2020-06-20 09:56:41,510 INFO     Average loss at batch 41900: 0.000328, 	throughput: 1589 samples/sec
2020-06-20 09:57:41,457 INFO     Average loss at batch 42000: 0.000483, 	throughput: 1708 samples/sec
2020-06-20 09:58:43,753 INFO     Average loss at batch 42100: 0.000434, 	throughput: 1643 samples/sec
2020-06-20 09:59:56,529 INFO     Average loss at batch 42200: 0.000558, 	throughput: 1407 samples/sec
2020-06-20 10:01:05,821 INFO     Average loss at batch 42300: 0.000518, 	throughput: 1477 samples/sec
2020-06-20 10:02:11,865 INFO     Average loss at batch 42400: 0.000473, 	throughput: 1550 samples/sec
2020-06-20 10:03:27,131 INFO     Average loss at batch 42500: 0.000610, 	throughput: 1360 samples/sec
2020-06-20 10:04:24,847 INFO     Average loss at batch 42600: 0.000099, 	throughput: 1774 samples/sec
2020-06-20 10:05:16,293 INFO     Average loss at batch 42700: 0.000030, 	throughput: 1990 samples/sec
2020-06-20 10:06:23,487 INFO     Average loss at batch 42800: 0.000357, 	throughput: 1523 samples/sec
2020-06-20 10:07:38,180 INFO     Average loss at batch 42900: 0.000496, 	throughput: 1371 samples/sec
2020-06-20 10:08:50,515 INFO     Average loss at batch 43000: 0.000499, 	throughput: 1415 samples/sec
2020-06-20 10:09:55,766 INFO     Average loss at batch 43100: 0.000506, 	throughput: 1569 samples/sec
2020-06-20 10:11:00,573 INFO     Average loss at batch 43200: 0.000518, 	throughput: 1580 samples/sec
2020-06-20 10:12:10,280 INFO     Average loss at batch 43300: 0.000444, 	throughput: 1469 samples/sec
2020-06-20 10:13:11,076 INFO     Average loss at batch 43400: 0.000476, 	throughput: 1684 samples/sec
2020-06-20 10:14:07,075 INFO     Average loss at batch 43500: 0.000465, 	throughput: 1828 samples/sec
2020-06-20 10:15:08,361 INFO     Average loss at batch 43600: 0.000663, 	throughput: 1670 samples/sec
2020-06-20 10:16:08,287 INFO     Average loss at batch 43700: 0.000712, 	throughput: 1708 samples/sec
2020-06-20 10:17:16,610 INFO     Average loss at batch 43800: 0.000686, 	throughput: 1498 samples/sec
2020-06-20 10:18:27,840 INFO     Average loss at batch 43900: 0.000444, 	throughput: 1437 samples/sec
2020-06-20 10:19:35,618 INFO     Average loss at batch 44000: 0.000539, 	throughput: 1510 samples/sec
2020-06-20 10:20:38,250 INFO     Average loss at batch 44100: 0.000653, 	throughput: 1635 samples/sec
2020-06-20 10:21:42,554 INFO     Average loss at batch 44200: 0.000348, 	throughput: 1592 samples/sec
2020-06-20 10:22:46,663 INFO     Average loss at batch 44300: 0.000473, 	throughput: 1597 samples/sec
2020-06-20 10:23:49,640 INFO     Average loss at batch 44400: 0.000434, 	throughput: 1626 samples/sec
2020-06-20 10:25:05,742 INFO     Average loss at batch 44500: 0.000536, 	throughput: 1345 samples/sec
2020-06-20 10:26:06,699 INFO     Average loss at batch 44600: 0.000528, 	throughput: 1679 samples/sec
2020-06-20 10:27:07,890 INFO     Average loss at batch 44700: 0.000445, 	throughput: 1673 samples/sec
2020-06-20 10:28:12,423 INFO     Saved after 14 epochs in: models/JAVA_MED_WITH_TYPES_V1_200620_001/saved_model_iter14
2020-06-20 10:28:12,602 INFO     Starting evaluation
2020-06-20 10:29:05,550 INFO     Evaluated 102400 examples...
2020-06-20 10:29:05,550 INFO     Prediction throughput: 1927 samples/sec
2020-06-20 10:29:44,348 INFO     Evaluated 204800 examples...
2020-06-20 10:29:44,348 INFO     Prediction throughput: 2228 samples/sec
2020-06-20 10:30:25,666 INFO     Evaluated 307200 examples...
2020-06-20 10:30:25,666 INFO     Prediction throughput: 2305 samples/sec
2020-06-20 10:31:10,031 INFO     Evaluated 409600 examples...
2020-06-20 10:31:10,031 INFO     Prediction throughput: 2306 samples/sec
2020-06-20 10:31:29,401 INFO     Done evaluating, epoch reached
2020-06-20 10:31:29,403 INFO     Evaluation time: 0H:3M:16S
Losses: train: 0.0004865665687248111, validation: None
2020-06-20 10:31:36,745 INFO     After 14 epochs -- top10_acc: [0.22412359 0.25287883 0.2664432  0.27504666 0.28134574 0.28627144
 0.29067551 0.2941618  0.29696359 0.29969055], precision: 0.37873216989928515, recall: 0.2593291368223089, F1: 0.3078584633550784
2020-06-20 10:31:40,987 INFO     Average loss at batch 44800: 0.000605, 	throughput: 374 samples/sec
2020-06-20 10:32:18,308 INFO     Average loss at batch 44900: 0.000143, 	throughput: 2743 samples/sec
2020-06-20 10:33:12,261 INFO     Average loss at batch 45000: 0.000029, 	throughput: 1897 samples/sec
2020-06-20 10:34:13,452 INFO     Average loss at batch 45100: 0.000305, 	throughput: 1673 samples/sec
2020-06-20 10:35:14,133 INFO     Average loss at batch 45200: 0.000474, 	throughput: 1687 samples/sec
2020-06-20 10:36:20,878 INFO     Average loss at batch 45300: 0.000480, 	throughput: 1534 samples/sec
2020-06-20 10:37:35,614 INFO     Average loss at batch 45400: 0.000507, 	throughput: 1370 samples/sec
2020-06-20 10:38:46,281 INFO     Average loss at batch 45500: 0.000525, 	throughput: 1449 samples/sec
2020-06-20 10:39:56,563 INFO     Average loss at batch 45600: 0.000434, 	throughput: 1456 samples/sec
2020-06-20 10:41:08,431 INFO     Average loss at batch 45700: 0.000480, 	throughput: 1424 samples/sec
2020-06-20 10:42:03,307 INFO     Average loss at batch 45800: 0.000445, 	throughput: 1866 samples/sec
2020-06-20 10:43:19,869 INFO     Average loss at batch 45900: 0.000597, 	throughput: 1337 samples/sec
2020-06-20 10:44:22,013 INFO     Average loss at batch 46000: 0.000746, 	throughput: 1647 samples/sec
2020-06-20 10:45:26,805 INFO     Average loss at batch 46100: 0.000691, 	throughput: 1580 samples/sec
2020-06-20 10:46:44,543 INFO     Average loss at batch 46200: 0.000461, 	throughput: 1317 samples/sec
2020-06-20 10:46:50,831 INFO     Done training
2020-06-20 10:47:02,316 INFO     Model saved in file: models/JAVA_MED_WITH_TYPES_V1_200620_001/saved_model
2020-06-20 10:47:02,317 INFO     Training time: 8H:48M:15S

